{"meta": {"format": 3, "version": "7.10.7", "timestamp": "2025-10-31T14:02:49.361364", "branch_coverage": false, "show_contexts": false}, "files": {"s2aff\\__init__.py": {"executed_lines": [1, 2, 4, 5, 6, 7, 8, 9, 10, 13, 14, 44, 57, 58, 59, 60, 61, 62, 63, 64, 65, 66, 68, 85, 86, 88, 89, 90, 92, 93, 94, 98, 100, 109, 111, 112, 116, 117, 118, 125, 129, 131, 137, 139, 140, 141, 142, 145, 158, 159], "summary": {"covered_lines": 49, "num_statements": 61, "percent_covered": 80.32786885245902, "percent_covered_display": "80", "missing_lines": 12, "excluded_lines": 0}, "missing_lines": [101, 102, 103, 104, 105, 106, 107, 119, 120, 122, 130, 135], "excluded_lines": [], "functions": {"S2AFF.__init__": {"executed_lines": [57, 58, 59, 60, 61, 62, 63, 64, 65, 66], "summary": {"covered_lines": 10, "num_statements": 10, "percent_covered": 100.0, "percent_covered_display": "100", "missing_lines": 0, "excluded_lines": 0}, "missing_lines": [], "excluded_lines": []}, "S2AFF.predict": {"executed_lines": [85, 86, 88, 89, 90, 92, 93, 94, 98, 100, 109, 111, 112, 116, 117, 118, 125, 129, 131, 137, 139, 140, 141, 142, 145, 158, 159], "summary": {"covered_lines": 27, "num_statements": 39, "percent_covered": 69.23076923076923, "percent_covered_display": "69", "missing_lines": 12, "excluded_lines": 0}, "missing_lines": [101, 102, 103, 104, 105, 106, 107, 119, 120, 122, 130, 135], "excluded_lines": []}, "": {"executed_lines": [1, 2, 4, 5, 6, 7, 8, 9, 10, 13, 14, 44, 68], "summary": {"covered_lines": 12, "num_statements": 12, "percent_covered": 100.0, "percent_covered_display": "100", "missing_lines": 0, "excluded_lines": 0}, "missing_lines": [], "excluded_lines": []}}, "classes": {"S2AFF": {"executed_lines": [57, 58, 59, 60, 61, 62, 63, 64, 65, 66, 85, 86, 88, 89, 90, 92, 93, 94, 98, 100, 109, 111, 112, 116, 117, 118, 125, 129, 131, 137, 139, 140, 141, 142, 145, 158, 159], "summary": {"covered_lines": 37, "num_statements": 49, "percent_covered": 75.51020408163265, "percent_covered_display": "76", "missing_lines": 12, "excluded_lines": 0}, "missing_lines": [101, 102, 103, 104, 105, 106, 107, 119, 120, 122, 130, 135], "excluded_lines": []}, "": {"executed_lines": [1, 2, 4, 5, 6, 7, 8, 9, 10, 13, 14, 44, 68], "summary": {"covered_lines": 12, "num_statements": 12, "percent_covered": 100.0, "percent_covered_display": "100", "missing_lines": 0, "excluded_lines": 0}, "missing_lines": [], "excluded_lines": []}}}, "s2aff\\consts.py": {"executed_lines": [1, 2, 3, 4, 5, 7, 9, 10, 15, 17, 20, 21, 24, 38, 39, 40, 44, 45, 46, 47, 48, 49, 51], "summary": {"covered_lines": 23, "num_statements": 26, "percent_covered": 88.46153846153847, "percent_covered_display": "88", "missing_lines": 3, "excluded_lines": 0}, "missing_lines": [11, 12, 22], "excluded_lines": [], "functions": {"": {"executed_lines": [1, 2, 3, 4, 5, 7, 9, 10, 15, 17, 20, 21, 24, 38, 39, 40, 44, 45, 46, 47, 48, 49, 51], "summary": {"covered_lines": 23, "num_statements": 26, "percent_covered": 88.46153846153847, "percent_covered_display": "88", "missing_lines": 3, "excluded_lines": 0}, "missing_lines": [11, 12, 22], "excluded_lines": []}}, "classes": {"": {"executed_lines": [1, 2, 3, 4, 5, 7, 9, 10, 15, 17, 20, 21, 24, 38, 39, 40, 44, 45, 46, 47, 48, 49, 51], "summary": {"covered_lines": 23, "num_statements": 26, "percent_covered": 88.46153846153847, "percent_covered_display": "88", "missing_lines": 3, "excluded_lines": 0}, "missing_lines": [11, 12, 22], "excluded_lines": []}}}, "s2aff\\data.py": {"executed_lines": [1, 2, 3, 6, 17, 18, 19, 20, 21, 22], "summary": {"covered_lines": 10, "num_statements": 10, "percent_covered": 100.0, "percent_covered_display": "100", "missing_lines": 0, "excluded_lines": 0}, "missing_lines": [], "excluded_lines": [], "functions": {"load_gold_affiliation_annotations": {"executed_lines": [17, 18, 19, 20, 21, 22], "summary": {"covered_lines": 6, "num_statements": 6, "percent_covered": 100.0, "percent_covered_display": "100", "missing_lines": 0, "excluded_lines": 0}, "missing_lines": [], "excluded_lines": []}, "": {"executed_lines": [1, 2, 3, 6], "summary": {"covered_lines": 4, "num_statements": 4, "percent_covered": 100.0, "percent_covered_display": "100", "missing_lines": 0, "excluded_lines": 0}, "missing_lines": [], "excluded_lines": []}}, "classes": {"": {"executed_lines": [1, 2, 3, 6, 17, 18, 19, 20, 21, 22], "summary": {"covered_lines": 10, "num_statements": 10, "percent_covered": 100.0, "percent_covered_display": "100", "missing_lines": 0, "excluded_lines": 0}, "missing_lines": [], "excluded_lines": []}}}, "s2aff\\features.py": {"executed_lines": [1, 2, 3, 4, 7, 8, 10, 20, 22, 23, 24, 25, 28, 30, 32, 33, 36, 38, 39, 44, 47, 48, 49, 51, 53, 54, 55, 56, 57, 58, 59, 61, 63, 65, 67, 68, 69, 75, 77, 80, 85, 108, 110, 113, 114, 115, 116, 117, 119, 120, 122, 123, 124, 127, 128, 129, 131, 134, 138, 141, 144, 146, 155, 164, 174, 176, 179, 182, 183, 184, 188, 191, 195, 196, 198, 199, 200, 202, 203, 204, 205, 207, 208, 210, 211, 213, 214, 215, 216, 217, 220, 221, 222, 223, 227, 228, 229, 230, 231, 232, 235, 236, 237, 238, 239, 240, 242, 244, 246, 249, 250, 252, 264, 267, 268, 269, 270, 272, 274, 275, 277, 278, 279, 280, 284], "summary": {"covered_lines": 125, "num_statements": 134, "percent_covered": 93.28358208955224, "percent_covered_display": "93", "missing_lines": 9, "excluded_lines": 0}, "missing_lines": [41, 71, 72, 73, 81, 82, 109, 111, 282], "excluded_lines": [], "functions": {"parse_ror_entry_into_single_string_lightgbm": {"executed_lines": [8, 10, 20, 22, 23, 24, 25, 28, 30, 32, 33, 36, 38, 39, 44, 47, 48, 49, 51, 53, 54, 55, 56, 57, 58, 59, 61, 63, 65, 67, 68, 69, 75, 77], "summary": {"covered_lines": 34, "num_statements": 38, "percent_covered": 89.47368421052632, "percent_covered_display": "89", "missing_lines": 4, "excluded_lines": 0}, "missing_lines": [41, 71, 72, 73], "excluded_lines": []}, "split": {"executed_lines": [], "summary": {"covered_lines": 0, "num_statements": 2, "percent_covered": 0.0, "percent_covered_display": "0", "missing_lines": 2, "excluded_lines": 0}, "missing_lines": [81, 82], "excluded_lines": []}, "find_query_ngrams_in_text": {"executed_lines": [108, 110, 113, 114, 115, 116, 117, 119, 120, 122, 123, 124, 127, 128, 129, 131], "summary": {"covered_lines": 16, "num_statements": 18, "percent_covered": 88.88888888888889, "percent_covered_display": "89", "missing_lines": 2, "excluded_lines": 0}, "missing_lines": [109, 111], "excluded_lines": []}, "make_feature_names_and_constraints": {"executed_lines": [138, 141, 144, 146, 155, 164, 174, 176], "summary": {"covered_lines": 8, "num_statements": 8, "percent_covered": 100.0, "percent_covered_display": "100", "missing_lines": 0, "excluded_lines": 0}, "missing_lines": [], "excluded_lines": []}, "make_lightgbm_features": {"executed_lines": [183, 188, 191, 195, 196, 198, 199, 200, 202, 203, 204, 205, 207, 208, 210, 211, 213, 214, 215, 216, 217, 220, 221, 222, 223, 227, 228, 229, 230, 231, 232, 235, 236, 237, 238, 239, 240, 242, 244, 246, 249, 250, 252, 264, 267, 268, 269, 270, 272, 274, 275, 277, 278, 279, 280, 284], "summary": {"covered_lines": 56, "num_statements": 57, "percent_covered": 98.24561403508773, "percent_covered_display": "98", "missing_lines": 1, "excluded_lines": 0}, "missing_lines": [282], "excluded_lines": []}, "make_lightgbm_features.lm_score": {"executed_lines": [184], "summary": {"covered_lines": 1, "num_statements": 1, "percent_covered": 100.0, "percent_covered_display": "100", "missing_lines": 0, "excluded_lines": 0}, "missing_lines": [], "excluded_lines": []}, "": {"executed_lines": [1, 2, 3, 4, 7, 80, 85, 134, 179, 182], "summary": {"covered_lines": 10, "num_statements": 10, "percent_covered": 100.0, "percent_covered_display": "100", "missing_lines": 0, "excluded_lines": 0}, "missing_lines": [], "excluded_lines": []}}, "classes": {"": {"executed_lines": [1, 2, 3, 4, 7, 8, 10, 20, 22, 23, 24, 25, 28, 30, 32, 33, 36, 38, 39, 44, 47, 48, 49, 51, 53, 54, 55, 56, 57, 58, 59, 61, 63, 65, 67, 68, 69, 75, 77, 80, 85, 108, 110, 113, 114, 115, 116, 117, 119, 120, 122, 123, 124, 127, 128, 129, 131, 134, 138, 141, 144, 146, 155, 164, 174, 176, 179, 182, 183, 184, 188, 191, 195, 196, 198, 199, 200, 202, 203, 204, 205, 207, 208, 210, 211, 213, 214, 215, 216, 217, 220, 221, 222, 223, 227, 228, 229, 230, 231, 232, 235, 236, 237, 238, 239, 240, 242, 244, 246, 249, 250, 252, 264, 267, 268, 269, 270, 272, 274, 275, 277, 278, 279, 280, 284], "summary": {"covered_lines": 125, "num_statements": 134, "percent_covered": 93.28358208955224, "percent_covered_display": "93", "missing_lines": 9, "excluded_lines": 0}, "missing_lines": [41, 71, 72, 73, 81, 82, 109, 111, 282], "excluded_lines": []}}}, "s2aff\\file_cache.py": {"executed_lines": [1, 2, 3, 4, 5, 6, 7, 8, 9, 10, 13, 18, 25, 26, 27, 30, 32, 35, 37, 38, 43, 46, 53, 54, 55, 56, 58, 59, 60, 61, 63, 64, 67, 91, 98, 103, 106, 108, 109, 111, 113, 116, 118, 121, 122, 125, 128, 130, 132, 133, 134, 136, 137, 138, 139, 141], "summary": {"covered_lines": 56, "num_statements": 78, "percent_covered": 71.7948717948718, "percent_covered_display": "72", "missing_lines": 22, "excluded_lines": 0}, "missing_lines": [28, 34, 40, 72, 73, 75, 76, 77, 79, 80, 81, 83, 84, 85, 86, 88, 92, 93, 94, 95, 104, 110], "excluded_lines": [], "functions": {"cached_path": {"executed_lines": [25, 26, 27, 30, 32, 35, 37, 38, 43], "summary": {"covered_lines": 9, "num_statements": 12, "percent_covered": 75.0, "percent_covered_display": "75", "missing_lines": 3, "excluded_lines": 0}, "missing_lines": [28, 34, 40], "excluded_lines": []}, "url_to_filename": {"executed_lines": [53, 54, 55, 56, 58, 59, 60, 61, 63, 64], "summary": {"covered_lines": 10, "num_statements": 10, "percent_covered": 100.0, "percent_covered_display": "100", "missing_lines": 0, "excluded_lines": 0}, "missing_lines": [], "excluded_lines": []}, "filename_to_url": {"executed_lines": [], "summary": {"covered_lines": 0, "num_statements": 13, "percent_covered": 0.0, "percent_covered_display": "0", "missing_lines": 13, "excluded_lines": 0}, "missing_lines": [72, 73, 75, 76, 77, 79, 80, 81, 83, 84, 85, 86, 88], "excluded_lines": []}, "http_get": {"executed_lines": [], "summary": {"covered_lines": 0, "num_statements": 4, "percent_covered": 0.0, "percent_covered_display": "0", "missing_lines": 4, "excluded_lines": 0}, "missing_lines": [92, 93, 94, 95], "excluded_lines": []}, "get_from_cache": {"executed_lines": [103, 106, 108, 109, 111, 113, 116, 118, 121, 122, 125, 128, 130, 132, 133, 134, 136, 137, 138, 139, 141], "summary": {"covered_lines": 21, "num_statements": 23, "percent_covered": 91.30434782608695, "percent_covered_display": "91", "missing_lines": 2, "excluded_lines": 0}, "missing_lines": [104, 110], "excluded_lines": []}, "": {"executed_lines": [1, 2, 3, 4, 5, 6, 7, 8, 9, 10, 13, 18, 46, 67, 91, 98], "summary": {"covered_lines": 16, "num_statements": 16, "percent_covered": 100.0, "percent_covered_display": "100", "missing_lines": 0, "excluded_lines": 0}, "missing_lines": [], "excluded_lines": []}}, "classes": {"": {"executed_lines": [1, 2, 3, 4, 5, 6, 7, 8, 9, 10, 13, 18, 25, 26, 27, 30, 32, 35, 37, 38, 43, 46, 53, 54, 55, 56, 58, 59, 60, 61, 63, 64, 67, 91, 98, 103, 106, 108, 109, 111, 113, 116, 118, 121, 122, 125, 128, 130, 132, 133, 134, 136, 137, 138, 139, 141], "summary": {"covered_lines": 56, "num_statements": 78, "percent_covered": 71.7948717948718, "percent_covered_display": "72", "missing_lines": 22, "excluded_lines": 0}, "missing_lines": [28, 34, 40, 72, 73, 75, 76, 77, 79, 80, 81, 83, 84, 85, 86, 88, 92, 93, 94, 95, 104, 110], "excluded_lines": []}}}, "s2aff\\lightgbm_helpers.py": {"executed_lines": [], "summary": {"covered_lines": 0, "num_statements": 131, "percent_covered": 0.0, "percent_covered_display": "0", "missing_lines": 131, "excluded_lines": 2}, "missing_lines": [7, 8, 9, 10, 11, 12, 15, 16, 19, 22, 23, 24, 26, 29, 32, 33, 34, 35, 36, 37, 38, 39, 40, 42, 44, 51, 52, 53, 55, 56, 66, 68, 69, 70, 71, 72, 73, 74, 75, 76, 77, 78, 85, 87, 102, 103, 104, 105, 107, 108, 109, 111, 112, 113, 114, 115, 116, 118, 123, 125, 126, 127, 128, 130, 138, 139, 140, 141, 143, 144, 145, 146, 147, 148, 149, 150, 151, 152, 153, 154, 157, 158, 174, 176, 177, 178, 179, 180, 181, 183, 184, 185, 186, 187, 188, 189, 190, 191, 193, 194, 195, 198, 218, 220, 222, 233, 249, 250, 252, 254, 255, 256, 257, 258, 265, 266, 268, 269, 278, 279, 281, 282, 284, 286, 287, 288, 290, 291, 292, 293, 296], "excluded_lines": [27, 30], "functions": {"format_group": {"executed_lines": [], "summary": {"covered_lines": 0, "num_statements": 1, "percent_covered": 0.0, "percent_covered_display": "0", "missing_lines": 1, "excluded_lines": 0}, "missing_lines": [16], "excluded_lines": []}, "Experiment.__init__": {"executed_lines": [], "summary": {"covered_lines": 0, "num_statements": 1, "percent_covered": 0.0, "percent_covered_display": "0", "missing_lines": 1, "excluded_lines": 0}, "missing_lines": [24], "excluded_lines": []}, "Experiment.fit": {"executed_lines": [], "summary": {"covered_lines": 0, "num_statements": 0, "percent_covered": 100.0, "percent_covered_display": "100", "missing_lines": 0, "excluded_lines": 1}, "missing_lines": [], "excluded_lines": [27]}, "Experiment.convert_data": {"executed_lines": [], "summary": {"covered_lines": 0, "num_statements": 0, "percent_covered": 100.0, "percent_covered_display": "100", "missing_lines": 0, "excluded_lines": 1}, "missing_lines": [], "excluded_lines": [30]}, "Experiment.run_optimization": {"executed_lines": [], "summary": {"covered_lines": 0, "num_statements": 16, "percent_covered": 0.0, "percent_covered_display": "0", "missing_lines": 16, "excluded_lines": 0}, "missing_lines": [33, 34, 35, 36, 37, 38, 39, 40, 42, 44, 51, 52, 53, 55, 56, 66], "excluded_lines": []}, "Experiment.run_test": {"executed_lines": [], "summary": {"covered_lines": 0, "num_statements": 11, "percent_covered": 0.0, "percent_covered_display": "0", "missing_lines": 11, "excluded_lines": 0}, "missing_lines": [69, 70, 71, 72, 73, 74, 75, 76, 77, 78, 85], "excluded_lines": []}, "Experiment.run": {"executed_lines": [], "summary": {"covered_lines": 0, "num_statements": 15, "percent_covered": 0.0, "percent_covered_display": "0", "missing_lines": 15, "excluded_lines": 0}, "missing_lines": [102, 103, 104, 105, 107, 108, 109, 111, 112, 113, 114, 115, 116, 118, 123], "excluded_lines": []}, "Experiment.optimize_params": {"executed_lines": [], "summary": {"covered_lines": 0, "num_statements": 8, "percent_covered": 0.0, "percent_covered_display": "0", "missing_lines": 8, "excluded_lines": 0}, "missing_lines": [126, 127, 128, 130, 138, 139, 140, 141], "excluded_lines": []}, "Experiment.print_result": {"executed_lines": [], "summary": {"covered_lines": 0, "num_statements": 11, "percent_covered": 0.0, "percent_covered_display": "0", "missing_lines": 11, "excluded_lines": 0}, "missing_lines": [144, 145, 146, 147, 148, 149, 150, 151, 152, 153, 154], "excluded_lines": []}, "lightgbmExperiment.__init__": {"executed_lines": [], "summary": {"covered_lines": 0, "num_statements": 27, "percent_covered": 0.0, "percent_covered_display": "0", "missing_lines": 27, "excluded_lines": 0}, "missing_lines": [174, 176, 177, 178, 179, 180, 181, 183, 184, 185, 186, 187, 188, 189, 190, 191, 193, 194, 195, 198, 218, 220, 222, 233, 249, 250, 252], "excluded_lines": []}, "lightgbmExperiment.fit": {"executed_lines": [], "summary": {"covered_lines": 0, "num_statements": 13, "percent_covered": 0.0, "percent_covered_display": "0", "missing_lines": 13, "excluded_lines": 0}, "missing_lines": [255, 256, 257, 258, 265, 266, 268, 269, 278, 279, 281, 282, 284], "excluded_lines": []}, "lightgbmExperiment.convert_data": {"executed_lines": [], "summary": {"covered_lines": 0, "num_statements": 7, "percent_covered": 0.0, "percent_covered_display": "0", "missing_lines": 7, "excluded_lines": 0}, "missing_lines": [287, 288, 290, 291, 292, 293, 296], "excluded_lines": []}, "": {"executed_lines": [], "summary": {"covered_lines": 0, "num_statements": 21, "percent_covered": 0.0, "percent_covered_display": "0", "missing_lines": 21, "excluded_lines": 0}, "missing_lines": [7, 8, 9, 10, 11, 12, 15, 19, 22, 23, 26, 29, 32, 68, 87, 125, 143, 157, 158, 254, 286], "excluded_lines": []}}, "classes": {"Experiment": {"executed_lines": [], "summary": {"covered_lines": 0, "num_statements": 62, "percent_covered": 0.0, "percent_covered_display": "0", "missing_lines": 62, "excluded_lines": 2}, "missing_lines": [24, 33, 34, 35, 36, 37, 38, 39, 40, 42, 44, 51, 52, 53, 55, 56, 66, 69, 70, 71, 72, 73, 74, 75, 76, 77, 78, 85, 102, 103, 104, 105, 107, 108, 109, 111, 112, 113, 114, 115, 116, 118, 123, 126, 127, 128, 130, 138, 139, 140, 141, 144, 145, 146, 147, 148, 149, 150, 151, 152, 153, 154], "excluded_lines": [27, 30]}, "lightgbmExperiment": {"executed_lines": [], "summary": {"covered_lines": 0, "num_statements": 47, "percent_covered": 0.0, "percent_covered_display": "0", "missing_lines": 47, "excluded_lines": 0}, "missing_lines": [174, 176, 177, 178, 179, 180, 181, 183, 184, 185, 186, 187, 188, 189, 190, 191, 193, 194, 195, 198, 218, 220, 222, 233, 249, 250, 252, 255, 256, 257, 258, 265, 266, 268, 269, 278, 279, 281, 282, 284, 287, 288, 290, 291, 292, 293, 296], "excluded_lines": []}, "": {"executed_lines": [], "summary": {"covered_lines": 0, "num_statements": 22, "percent_covered": 0.0, "percent_covered_display": "0", "missing_lines": 22, "excluded_lines": 0}, "missing_lines": [7, 8, 9, 10, 11, 12, 15, 16, 19, 22, 23, 26, 29, 32, 68, 87, 125, 143, 157, 158, 254, 286], "excluded_lines": []}}}, "s2aff\\model.py": {"executed_lines": [1, 2, 5, 6, 8, 9, 10, 11, 12, 13, 14, 15, 16, 17, 20, 23, 45, 46, 47, 48, 49, 50, 51, 54, 55, 56, 58, 59, 61, 63, 64, 67, 68, 69, 70, 72, 73, 74, 76, 80, 82, 83, 84, 94, 95, 96, 97, 100, 105, 106, 107, 108, 109, 116, 117, 118, 119, 124, 129, 137, 146, 149, 150, 154, 161, 181, 190, 196, 252, 256, 288, 289, 306, 317, 326, 331], "summary": {"covered_lines": 75, "num_statements": 173, "percent_covered": 43.35260115606936, "percent_covered_display": "43", "missing_lines": 98, "excluded_lines": 0}, "missing_lines": [57, 66, 78, 85, 86, 87, 88, 89, 90, 91, 98, 120, 121, 122, 125, 130, 131, 132, 133, 134, 138, 139, 140, 141, 142, 143, 155, 156, 157, 158, 159, 169, 188, 192, 193, 194, 223, 224, 225, 226, 227, 228, 229, 230, 231, 232, 233, 234, 235, 236, 237, 240, 241, 242, 243, 245, 246, 248, 250, 253, 254, 272, 273, 274, 276, 278, 280, 282, 283, 285, 292, 293, 294, 295, 296, 297, 299, 303, 304, 315, 324, 328, 329, 343, 344, 345, 346, 347, 348, 349, 350, 351, 353, 354, 355, 356, 357, 358], "excluded_lines": [], "functions": {"parse_ner_prediction": {"executed_lines": [45, 46, 47, 48, 49, 50, 51, 54, 55, 56, 58, 59, 61, 63, 64, 67, 68, 69, 70, 72, 73, 74, 76, 80, 82, 83, 84, 94, 95, 96, 97, 100, 105, 106, 107, 108, 109, 116, 117, 118, 119, 124, 129, 137, 146], "summary": {"covered_lines": 45, "num_statements": 71, "percent_covered": 63.38028169014085, "percent_covered_display": "63", "missing_lines": 26, "excluded_lines": 0}, "missing_lines": [57, 66, 78, 85, 86, 87, 88, 89, 90, 91, 98, 120, 121, 122, 125, 130, 131, 132, 133, 134, 138, 139, 140, 141, 142, 143], "excluded_lines": []}, "NERPredictor.__init__": {"executed_lines": [], "summary": {"covered_lines": 0, "num_statements": 5, "percent_covered": 0.0, "percent_covered_display": "0", "missing_lines": 5, "excluded_lines": 0}, "missing_lines": [155, 156, 157, 158, 159], "excluded_lines": []}, "NERPredictor.load_model": {"executed_lines": [], "summary": {"covered_lines": 0, "num_statements": 1, "percent_covered": 0.0, "percent_covered_display": "0", "missing_lines": 1, "excluded_lines": 0}, "missing_lines": [169], "excluded_lines": []}, "NERPredictor.save_model": {"executed_lines": [], "summary": {"covered_lines": 0, "num_statements": 1, "percent_covered": 0.0, "percent_covered_display": "0", "missing_lines": 1, "excluded_lines": 0}, "missing_lines": [188], "excluded_lines": []}, "NERPredictor.delete_model": {"executed_lines": [], "summary": {"covered_lines": 0, "num_statements": 3, "percent_covered": 0.0, "percent_covered_display": "0", "missing_lines": 3, "excluded_lines": 0}, "missing_lines": [192, 193, 194], "excluded_lines": []}, "NERPredictor.fit": {"executed_lines": [], "summary": {"covered_lines": 0, "num_statements": 23, "percent_covered": 0.0, "percent_covered_display": "0", "missing_lines": 23, "excluded_lines": 0}, "missing_lines": [223, 224, 225, 226, 227, 228, 229, 230, 231, 232, 233, 234, 235, 236, 237, 240, 241, 242, 243, 245, 246, 248, 250], "excluded_lines": []}, "NERPredictor.eval": {"executed_lines": [], "summary": {"covered_lines": 0, "num_statements": 2, "percent_covered": 0.0, "percent_covered_display": "0", "missing_lines": 2, "excluded_lines": 0}, "missing_lines": [253, 254], "excluded_lines": []}, "NERPredictor.predict": {"executed_lines": [], "summary": {"covered_lines": 0, "num_statements": 9, "percent_covered": 0.0, "percent_covered_display": "0", "missing_lines": 9, "excluded_lines": 0}, "missing_lines": [272, 273, 274, 276, 278, 280, 282, 283, 285], "excluded_lines": []}, "PairwiseRORLightGBMReranker.__init__": {"executed_lines": [], "summary": {"covered_lines": 0, "num_statements": 9, "percent_covered": 0.0, "percent_covered_display": "0", "missing_lines": 9, "excluded_lines": 0}, "missing_lines": [292, 293, 294, 295, 296, 297, 299, 303, 304], "excluded_lines": []}, "PairwiseRORLightGBMReranker.load_model": {"executed_lines": [], "summary": {"covered_lines": 0, "num_statements": 1, "percent_covered": 0.0, "percent_covered_display": "0", "missing_lines": 1, "excluded_lines": 0}, "missing_lines": [315], "excluded_lines": []}, "PairwiseRORLightGBMReranker.save_model": {"executed_lines": [], "summary": {"covered_lines": 0, "num_statements": 1, "percent_covered": 0.0, "percent_covered_display": "0", "missing_lines": 1, "excluded_lines": 0}, "missing_lines": [324], "excluded_lines": []}, "PairwiseRORLightGBMReranker.delete_model": {"executed_lines": [], "summary": {"covered_lines": 0, "num_statements": 2, "percent_covered": 0.0, "percent_covered_display": "0", "missing_lines": 2, "excluded_lines": 0}, "missing_lines": [328, 329], "excluded_lines": []}, "PairwiseRORLightGBMReranker.predict": {"executed_lines": [], "summary": {"covered_lines": 0, "num_statements": 15, "percent_covered": 0.0, "percent_covered_display": "0", "missing_lines": 15, "excluded_lines": 0}, "missing_lines": [343, 344, 345, 346, 347, 348, 349, 350, 351, 353, 354, 355, 356, 357, 358], "excluded_lines": []}, "": {"executed_lines": [1, 2, 5, 6, 8, 9, 10, 11, 12, 13, 14, 15, 16, 17, 20, 23, 149, 150, 154, 161, 181, 190, 196, 252, 256, 288, 289, 306, 317, 326, 331], "summary": {"covered_lines": 30, "num_statements": 30, "percent_covered": 100.0, "percent_covered_display": "100", "missing_lines": 0, "excluded_lines": 0}, "missing_lines": [], "excluded_lines": []}}, "classes": {"NERPredictor": {"executed_lines": [], "summary": {"covered_lines": 0, "num_statements": 44, "percent_covered": 0.0, "percent_covered_display": "0", "missing_lines": 44, "excluded_lines": 0}, "missing_lines": [155, 156, 157, 158, 159, 169, 188, 192, 193, 194, 223, 224, 225, 226, 227, 228, 229, 230, 231, 232, 233, 234, 235, 236, 237, 240, 241, 242, 243, 245, 246, 248, 250, 253, 254, 272, 273, 274, 276, 278, 280, 282, 283, 285], "excluded_lines": []}, "PairwiseRORLightGBMReranker": {"executed_lines": [], "summary": {"covered_lines": 0, "num_statements": 28, "percent_covered": 0.0, "percent_covered_display": "0", "missing_lines": 28, "excluded_lines": 0}, "missing_lines": [292, 293, 294, 295, 296, 297, 299, 303, 304, 315, 324, 328, 329, 343, 344, 345, 346, 347, 348, 349, 350, 351, 353, 354, 355, 356, 357, 358], "excluded_lines": []}, "": {"executed_lines": [1, 2, 5, 6, 8, 9, 10, 11, 12, 13, 14, 15, 16, 17, 20, 23, 45, 46, 47, 48, 49, 50, 51, 54, 55, 56, 58, 59, 61, 63, 64, 67, 68, 69, 70, 72, 73, 74, 76, 80, 82, 83, 84, 94, 95, 96, 97, 100, 105, 106, 107, 108, 109, 116, 117, 118, 119, 124, 129, 137, 146, 149, 150, 154, 161, 181, 190, 196, 252, 256, 288, 289, 306, 317, 326, 331], "summary": {"covered_lines": 75, "num_statements": 101, "percent_covered": 74.25742574257426, "percent_covered_display": "74", "missing_lines": 26, "excluded_lines": 0}, "missing_lines": [57, 66, 78, 85, 86, 87, 88, 89, 90, 91, 98, 120, 121, 122, 125, 130, 131, 132, 133, 134, 138, 139, 140, 141, 142, 143], "excluded_lines": []}}}, "s2aff\\ror.py": {"executed_lines": [1, 2, 3, 4, 5, 7, 8, 9, 11, 21, 22, 23, 25, 26, 27, 30, 31, 40, 41, 49, 52, 64, 65, 66, 67, 68, 71, 72, 75, 77, 78, 79, 80, 81, 82, 83, 84, 85, 87, 88, 89, 93, 95, 96, 97, 99, 100, 101, 102, 112, 114, 117, 120, 121, 122, 123, 124, 128, 129, 130, 131, 132, 142, 145, 146, 147, 148, 157, 160, 162, 164, 167, 168, 176, 178, 181, 182, 205, 463, 493, 527, 528, 529, 530, 531, 532, 533, 534, 535, 536, 544, 552, 555, 556, 557, 562, 563, 564, 565, 568, 569, 573, 574, 575, 576, 577, 578, 579, 582, 583, 584, 585, 591, 595, 596, 598, 600, 601, 602, 603, 604, 606, 608, 612, 613, 615, 617, 620, 621, 622, 623, 629, 631, 633, 635, 646, 655, 656, 657, 660, 661, 662, 663, 664, 665, 666, 670, 672, 673, 675, 676, 677, 678, 680, 684, 694, 695, 696, 699, 700, 702, 715, 717, 719, 720, 721, 722, 723, 724, 726, 727, 730, 731, 732, 733, 735, 736, 737, 739, 742, 745, 746, 747, 748, 749, 750, 751, 752, 754, 755, 758, 760, 763, 766, 827, 887], "summary": {"covered_lines": 195, "num_statements": 510, "percent_covered": 38.23529411764706, "percent_covered_display": "38", "missing_lines": 315, "excluded_lines": 0}, "missing_lines": [53, 54, 55, 56, 57, 58, 59, 61, 69, 86, 90, 98, 103, 104, 105, 106, 107, 108, 109, 115, 149, 150, 151, 152, 153, 169, 170, 171, 172, 173, 174, 175, 220, 221, 222, 223, 224, 225, 226, 227, 228, 229, 230, 231, 233, 234, 235, 236, 237, 238, 239, 240, 241, 242, 244, 245, 246, 247, 248, 249, 251, 252, 253, 254, 255, 256, 257, 258, 259, 260, 261, 262, 265, 266, 267, 268, 269, 270, 271, 272, 273, 274, 275, 281, 282, 283, 284, 285, 286, 287, 288, 289, 290, 291, 292, 295, 296, 297, 298, 299, 300, 301, 304, 305, 307, 308, 310, 311, 312, 314, 315, 317, 319, 320, 321, 323, 324, 325, 326, 329, 330, 332, 333, 334, 336, 344, 345, 347, 348, 351, 352, 355, 356, 357, 358, 359, 360, 364, 367, 370, 371, 372, 373, 374, 376, 377, 378, 380, 381, 383, 384, 386, 388, 391, 392, 394, 396, 397, 399, 400, 402, 403, 406, 409, 411, 413, 416, 418, 424, 425, 426, 427, 428, 429, 431, 432, 436, 438, 439, 442, 443, 444, 446, 447, 448, 450, 451, 455, 459, 460, 461, 480, 481, 482, 483, 484, 485, 486, 488, 489, 490, 491, 558, 567, 592, 597, 609, 638, 640, 641, 642, 647, 648, 649, 650, 651, 652, 653, 658, 668, 703, 710, 711, 712, 713, 716, 740, 743, 756, 761, 775, 776, 778, 779, 785, 786, 787, 788, 789, 790, 792, 793, 794, 795, 796, 797, 798, 799, 800, 801, 803, 804, 805, 807, 808, 810, 811, 816, 821, 822, 824, 835, 836, 838, 839, 841, 843, 845, 846, 848, 849, 850, 851, 852, 853, 855, 856, 857, 858, 860, 861, 862, 864, 865, 867, 868, 876, 881, 882, 884, 905, 906, 908, 910, 911, 913, 915, 917, 918, 920, 921, 925, 928, 929, 931, 932, 936, 939, 940, 942, 943, 947, 950, 951, 953], "excluded_lines": [], "functions": {"get_special_tokens_dict": {"executed_lines": [31, 40, 41, 49], "summary": {"covered_lines": 4, "num_statements": 4, "percent_covered": 100.0, "percent_covered_display": "100", "missing_lines": 0, "excluded_lines": 0}, "missing_lines": [], "excluded_lines": []}, "index_min": {"executed_lines": [], "summary": {"covered_lines": 0, "num_statements": 8, "percent_covered": 0.0, "percent_covered_display": "0", "missing_lines": 8, "excluded_lines": 0}, "missing_lines": [53, 54, 55, 56, 57, 58, 59, 61], "excluded_lines": []}, "sum_list_of_list_of_tuples": {"executed_lines": [65, 66, 67, 68, 71, 72], "summary": {"covered_lines": 6, "num_statements": 7, "percent_covered": 85.71428571428571, "percent_covered_display": "86", "missing_lines": 1, "excluded_lines": 0}, "missing_lines": [69], "excluded_lines": []}, "normalize_geoname_id": {"executed_lines": [77, 78, 79, 80, 81, 82, 83, 84, 85, 87, 88, 89], "summary": {"covered_lines": 12, "num_statements": 14, "percent_covered": 85.71428571428571, "percent_covered_display": "86", "missing_lines": 2, "excluded_lines": 0}, "missing_lines": [86, 90], "excluded_lines": []}, "v2_display_name": {"executed_lines": [95, 96, 97, 99, 100, 101, 102], "summary": {"covered_lines": 7, "num_statements": 15, "percent_covered": 46.666666666666664, "percent_covered_display": "47", "missing_lines": 8, "excluded_lines": 0}, "missing_lines": [98, 103, 104, 105, 106, 107, 108, 109], "excluded_lines": []}, "coerce_v2_to_v1like": {"executed_lines": [114, 117, 120, 121, 122, 123, 124, 128, 129, 130, 131, 132, 142, 145, 146, 147, 148, 157, 160, 162, 164, 167, 168, 176, 178], "summary": {"covered_lines": 25, "num_statements": 38, "percent_covered": 65.78947368421052, "percent_covered_display": "66", "missing_lines": 13, "excluded_lines": 0}, "missing_lines": [115, 149, 150, 151, 152, 153, 169, 170, 171, 172, 173, 174, 175], "excluded_lines": []}, "RORIndex.__init__": {"executed_lines": [], "summary": {"covered_lines": 0, "num_statements": 159, "percent_covered": 0.0, "percent_covered_display": "0", "missing_lines": 159, "excluded_lines": 0}, "missing_lines": [220, 221, 222, 223, 224, 225, 226, 227, 228, 229, 230, 231, 233, 234, 235, 236, 237, 238, 239, 240, 241, 242, 244, 245, 246, 247, 248, 249, 251, 252, 253, 254, 255, 256, 257, 258, 259, 260, 261, 262, 265, 266, 267, 268, 269, 270, 271, 272, 273, 274, 275, 281, 282, 283, 284, 285, 286, 287, 288, 289, 290, 291, 292, 295, 296, 297, 298, 299, 300, 301, 304, 305, 307, 308, 310, 311, 312, 314, 315, 317, 319, 320, 321, 323, 324, 325, 326, 329, 330, 332, 333, 334, 336, 344, 345, 347, 348, 351, 352, 355, 356, 357, 358, 359, 360, 364, 367, 370, 371, 372, 373, 374, 376, 377, 378, 380, 381, 383, 384, 386, 388, 391, 392, 394, 396, 397, 399, 400, 402, 403, 406, 409, 411, 413, 416, 418, 424, 425, 426, 427, 428, 429, 431, 432, 436, 438, 439, 442, 443, 444, 446, 447, 448, 450, 451, 455, 459, 460, 461], "excluded_lines": []}, "RORIndex.get_candidates_from_raw_affiliation": {"executed_lines": [], "summary": {"covered_lines": 0, "num_statements": 11, "percent_covered": 0.0, "percent_covered_display": "0", "missing_lines": 11, "excluded_lines": 0}, "missing_lines": [480, 481, 482, 483, 484, 485, 486, 488, 489, 490, 491], "excluded_lines": []}, "RORIndex.get_candidates_from_main_affiliation": {"executed_lines": [527, 528, 529, 530, 531, 532, 533, 534, 535, 536, 544, 552, 555, 556, 557, 562, 563, 564, 565, 568, 569, 573, 574, 575, 576, 577, 578, 579, 582, 583, 584, 585, 591, 595, 596, 598, 600, 601, 602, 603, 604, 606, 608, 612, 613, 615, 617, 620, 621, 622, 623, 629, 631, 633], "summary": {"covered_lines": 54, "num_statements": 59, "percent_covered": 91.52542372881356, "percent_covered_display": "92", "missing_lines": 5, "excluded_lines": 0}, "missing_lines": [558, 567, 592, 597, 609], "excluded_lines": []}, "RORIndex.parse_ror_entry_into_single_string": {"executed_lines": [], "summary": {"covered_lines": 0, "num_statements": 4, "percent_covered": 0.0, "percent_covered_display": "0", "missing_lines": 4, "excluded_lines": 0}, "missing_lines": [638, 640, 641, 642], "excluded_lines": []}, "RORIndex.extract_ror": {"executed_lines": [], "summary": {"covered_lines": 0, "num_statements": 7, "percent_covered": 0.0, "percent_covered_display": "0", "missing_lines": 7, "excluded_lines": 0}, "missing_lines": [647, 648, 649, 650, 651, 652, 653], "excluded_lines": []}, "RORIndex.extract_grid_and_map_to_ror": {"executed_lines": [656, 657, 660, 661, 662, 663, 664, 665, 666, 670], "summary": {"covered_lines": 10, "num_statements": 12, "percent_covered": 83.33333333333333, "percent_covered_display": "83", "missing_lines": 2, "excluded_lines": 0}, "missing_lines": [658, 668], "excluded_lines": []}, "RORIndex.extract_isni_and_map_to_ror": {"executed_lines": [673, 675, 676, 677, 678, 680], "summary": {"covered_lines": 6, "num_statements": 6, "percent_covered": 100.0, "percent_covered_display": "100", "missing_lines": 0, "excluded_lines": 0}, "missing_lines": [], "excluded_lines": []}, "parse_ror_entry_into_single_string": {"executed_lines": [694, 695, 696, 699, 700, 702, 715, 717, 719, 720, 721, 722, 723, 724, 726, 727, 730, 731, 732, 733, 735, 736, 737, 739, 742, 745, 746, 747, 748, 749, 750, 751, 752, 754, 755, 758, 760, 763], "summary": {"covered_lines": 38, "num_statements": 48, "percent_covered": 79.16666666666667, "percent_covered_display": "79", "missing_lines": 10, "excluded_lines": 0}, "missing_lines": [703, 710, 711, 712, 713, 716, 740, 743, 756, 761], "excluded_lines": []}, "jaccard_ngram_nns": {"executed_lines": [], "summary": {"covered_lines": 0, "num_statements": 31, "percent_covered": 0.0, "percent_covered_display": "0", "missing_lines": 31, "excluded_lines": 0}, "missing_lines": [775, 776, 778, 779, 785, 786, 787, 788, 789, 790, 792, 793, 794, 795, 796, 797, 798, 799, 800, 801, 803, 804, 805, 807, 808, 810, 811, 816, 821, 822, 824], "excluded_lines": []}, "jaccard_word_nns": {"executed_lines": [], "summary": {"covered_lines": 0, "num_statements": 29, "percent_covered": 0.0, "percent_covered_display": "0", "missing_lines": 29, "excluded_lines": 0}, "missing_lines": [835, 836, 838, 839, 841, 843, 845, 846, 848, 849, 850, 851, 852, 853, 855, 856, 857, 858, 860, 861, 862, 864, 865, 867, 868, 876, 881, 882, 884], "excluded_lines": []}, "get_text_ngrams": {"executed_lines": [], "summary": {"covered_lines": 0, "num_statements": 25, "percent_covered": 0.0, "percent_covered_display": "0", "missing_lines": 25, "excluded_lines": 0}, "missing_lines": [905, 906, 908, 910, 911, 913, 915, 917, 918, 920, 921, 925, 928, 929, 931, 932, 936, 939, 940, 942, 943, 947, 950, 951, 953], "excluded_lines": []}, "": {"executed_lines": [1, 2, 3, 4, 5, 7, 8, 9, 11, 21, 22, 23, 25, 26, 27, 30, 52, 64, 75, 93, 112, 181, 182, 205, 463, 493, 635, 646, 655, 672, 684, 766, 827, 887], "summary": {"covered_lines": 33, "num_statements": 33, "percent_covered": 100.0, "percent_covered_display": "100", "missing_lines": 0, "excluded_lines": 0}, "missing_lines": [], "excluded_lines": []}}, "classes": {"RORIndex": {"executed_lines": [527, 528, 529, 530, 531, 532, 533, 534, 535, 536, 544, 552, 555, 556, 557, 562, 563, 564, 565, 568, 569, 573, 574, 575, 576, 577, 578, 579, 582, 583, 584, 585, 591, 595, 596, 598, 600, 601, 602, 603, 604, 606, 608, 612, 613, 615, 617, 620, 621, 622, 623, 629, 631, 633, 656, 657, 660, 661, 662, 663, 664, 665, 666, 670, 673, 675, 676, 677, 678, 680], "summary": {"covered_lines": 70, "num_statements": 258, "percent_covered": 27.131782945736433, "percent_covered_display": "27", "missing_lines": 188, "excluded_lines": 0}, "missing_lines": [220, 221, 222, 223, 224, 225, 226, 227, 228, 229, 230, 231, 233, 234, 235, 236, 237, 238, 239, 240, 241, 242, 244, 245, 246, 247, 248, 249, 251, 252, 253, 254, 255, 256, 257, 258, 259, 260, 261, 262, 265, 266, 267, 268, 269, 270, 271, 272, 273, 274, 275, 281, 282, 283, 284, 285, 286, 287, 288, 289, 290, 291, 292, 295, 296, 297, 298, 299, 300, 301, 304, 305, 307, 308, 310, 311, 312, 314, 315, 317, 319, 320, 321, 323, 324, 325, 326, 329, 330, 332, 333, 334, 336, 344, 345, 347, 348, 351, 352, 355, 356, 357, 358, 359, 360, 364, 367, 370, 371, 372, 373, 374, 376, 377, 378, 380, 381, 383, 384, 386, 388, 391, 392, 394, 396, 397, 399, 400, 402, 403, 406, 409, 411, 413, 416, 418, 424, 425, 426, 427, 428, 429, 431, 432, 436, 438, 439, 442, 443, 444, 446, 447, 448, 450, 451, 455, 459, 460, 461, 480, 481, 482, 483, 484, 485, 486, 488, 489, 490, 491, 558, 567, 592, 597, 609, 638, 640, 641, 642, 647, 648, 649, 650, 651, 652, 653, 658, 668], "excluded_lines": []}, "": {"executed_lines": [1, 2, 3, 4, 5, 7, 8, 9, 11, 21, 22, 23, 25, 26, 27, 30, 31, 40, 41, 49, 52, 64, 65, 66, 67, 68, 71, 72, 75, 77, 78, 79, 80, 81, 82, 83, 84, 85, 87, 88, 89, 93, 95, 96, 97, 99, 100, 101, 102, 112, 114, 117, 120, 121, 122, 123, 124, 128, 129, 130, 131, 132, 142, 145, 146, 147, 148, 157, 160, 162, 164, 167, 168, 176, 178, 181, 182, 205, 463, 493, 635, 646, 655, 672, 684, 694, 695, 696, 699, 700, 702, 715, 717, 719, 720, 721, 722, 723, 724, 726, 727, 730, 731, 732, 733, 735, 736, 737, 739, 742, 745, 746, 747, 748, 749, 750, 751, 752, 754, 755, 758, 760, 763, 766, 827, 887], "summary": {"covered_lines": 125, "num_statements": 252, "percent_covered": 49.6031746031746, "percent_covered_display": "50", "missing_lines": 127, "excluded_lines": 0}, "missing_lines": [53, 54, 55, 56, 57, 58, 59, 61, 69, 86, 90, 98, 103, 104, 105, 106, 107, 108, 109, 115, 149, 150, 151, 152, 153, 169, 170, 171, 172, 173, 174, 175, 703, 710, 711, 712, 713, 716, 740, 743, 756, 761, 775, 776, 778, 779, 785, 786, 787, 788, 789, 790, 792, 793, 794, 795, 796, 797, 798, 799, 800, 801, 803, 804, 805, 807, 808, 810, 811, 816, 821, 822, 824, 835, 836, 838, 839, 841, 843, 845, 846, 848, 849, 850, 851, 852, 853, 855, 856, 857, 858, 860, 861, 862, 864, 865, 867, 868, 876, 881, 882, 884, 905, 906, 908, 910, 911, 913, 915, 917, 918, 920, 921, 925, 928, 929, 931, 932, 936, 939, 940, 942, 943, 947, 950, 951, 953], "excluded_lines": []}}}, "s2aff\\text.py": {"executed_lines": [1, 2, 3, 5, 6, 8, 45, 46, 48, 71, 96, 98, 99, 101, 102, 103, 104, 105], "summary": {"covered_lines": 18, "num_statements": 18, "percent_covered": 100.0, "percent_covered_display": "100", "missing_lines": 0, "excluded_lines": 0}, "missing_lines": [], "excluded_lines": [], "functions": {"fix_text": {"executed_lines": [98, 99, 101, 102, 103, 104, 105], "summary": {"covered_lines": 7, "num_statements": 7, "percent_covered": 100.0, "percent_covered_display": "100", "missing_lines": 0, "excluded_lines": 0}, "missing_lines": [], "excluded_lines": []}, "": {"executed_lines": [1, 2, 3, 5, 6, 8, 45, 46, 48, 71, 96], "summary": {"covered_lines": 11, "num_statements": 11, "percent_covered": 100.0, "percent_covered_display": "100", "missing_lines": 0, "excluded_lines": 0}, "missing_lines": [], "excluded_lines": []}}, "classes": {"": {"executed_lines": [1, 2, 3, 5, 6, 8, 45, 46, 48, 71, 96, 98, 99, 101, 102, 103, 104, 105], "summary": {"covered_lines": 18, "num_statements": 18, "percent_covered": 100.0, "percent_covered_display": "100", "missing_lines": 0, "excluded_lines": 0}, "missing_lines": [], "excluded_lines": []}}}, "s2aff\\util\\__init__.py": {"executed_lines": [], "summary": {"covered_lines": 0, "num_statements": 0, "percent_covered": 100.0, "percent_covered_display": "100", "missing_lines": 0, "excluded_lines": 0}, "missing_lines": [], "excluded_lines": [], "functions": {"": {"executed_lines": [], "summary": {"covered_lines": 0, "num_statements": 0, "percent_covered": 100.0, "percent_covered_display": "100", "missing_lines": 0, "excluded_lines": 0}, "missing_lines": [], "excluded_lines": []}}, "classes": {"": {"executed_lines": [], "summary": {"covered_lines": 0, "num_statements": 0, "percent_covered": 100.0, "percent_covered_display": "100", "missing_lines": 0, "excluded_lines": 0}, "missing_lines": [], "excluded_lines": []}}}, "s2aff\\util\\s3.py": {"executed_lines": [], "summary": {"covered_lines": 0, "num_statements": 11, "percent_covered": 0.0, "percent_covered_display": "0", "missing_lines": 11, "excluded_lines": 0}, "missing_lines": [1, 3, 4, 5, 6, 9, 10, 12, 13, 14, 15], "excluded_lines": [], "functions": {"get_ror_version": {"executed_lines": [], "summary": {"covered_lines": 0, "num_statements": 9, "percent_covered": 0.0, "percent_covered_display": "0", "missing_lines": 9, "excluded_lines": 0}, "missing_lines": [4, 5, 6, 9, 10, 12, 13, 14, 15], "excluded_lines": []}, "": {"executed_lines": [], "summary": {"covered_lines": 0, "num_statements": 2, "percent_covered": 0.0, "percent_covered_display": "0", "missing_lines": 2, "excluded_lines": 0}, "missing_lines": [1, 3], "excluded_lines": []}}, "classes": {"": {"executed_lines": [], "summary": {"covered_lines": 0, "num_statements": 11, "percent_covered": 0.0, "percent_covered_display": "0", "missing_lines": 11, "excluded_lines": 0}, "missing_lines": [1, 3, 4, 5, 6, 9, 10, 12, 13, 14, 15], "excluded_lines": []}}}}, "totals": {"covered_lines": 551, "num_statements": 1152, "percent_covered": 47.829861111111114, "percent_covered_display": "48", "missing_lines": 601, "excluded_lines": 2}}